<?xml version="1.0" encoding="UTF-8"?>
<beans xmlns="http://www.springframework.org/schema/beans"
	   xmlns:xsi="http://www.w3.org/2001/XMLSchema-instance" xmlns:p="http://www.springframework.org/schema/p"
	   xmlns:context="http://www.springframework.org/schema/context"
	   xmlns:mvc="http://www.springframework.org/schema/mvc" xmlns:tx="http://www.springframework.org/schema/tx"
	   xmlns:aop="http://www.springframework.org/schema/aop"
	   xsi:schemaLocation="http://www.springframework.org/schema/beans
http://www.springframework.org/schema/beans/spring-beans-3.0.xsd
http://www.springframework.org/schema/context 
http://www.springframework.org/schema/context/spring-context-3.0.xsd
http://www.springframework.org/schema/mvc http://www.springframework.org/schema/mvc/spring-mvc-3.2.xsd
http://www.springframework.org/schema/tx http://www.springframework.org/schema/tx/spring-tx-3.1.xsd
http://www.springframework.org/schema/aop http://www.springframework.org/schema/aop/spring-aop-3.0.xsd">

	<import resource="test-spring-rest.xml" />

	<context:property-placeholder location="classpath:smartmatch.properties" />
	<context:component-scan base-package="com.prcsteel.platform.acl.service" />
	<context:component-scan base-package="com.prcsteel.platform.account.service" />
	<context:component-scan base-package="com.prcsteel.platform.common.service" />
	<context:component-scan base-package="com.prcsteel.platform.core.service" />
	<context:component-scan base-package="com.prcsteel.platform.smartmatch.service" />
	<context:component-scan base-package="com.prcsteel.platform.api" />

	<bean id="fileService" class="${prcsteel.file.service.implement}"/>
	<bean id="cacheServiceWeChat" class="com.prcsteel.platform.order.service.impl.CacheServiceImpl" init-method="init"/>
</beans>